<?xml version="1.0" encoding="UTF-8"?>
<testsuite xmlns:xsi="http://www.w3.org/2001/XMLSchema-instance" xsi:noNamespaceSchemaLocation="https://maven.apache.org/surefire/maven-surefire-plugin/xsd/surefire-test-report-3.0.xsd" version="3.0" name="br.sp.ferreira.runners.RunnerTest" time="0.316" tests="3" errors="0" skipped="0" failures="0">
  <properties>
    <property name="java.specification.version" value="21"/>
    <property name="sun.cpu.isalist" value="amd64"/>
    <property name="sun.jnu.encoding" value="Cp1252"/>
    <property name="java.class.path" value="C:\Users\ferre\eclipse-workspace\bddcomcucumber\target\test-classes;C:\Users\ferre\eclipse-workspace\bddcomcucumber\target\classes;C:\Users\ferre\.m2\repository\io\cucumber\cucumber-java\4.0.0\cucumber-java-4.0.0.jar;C:\Users\ferre\.m2\repository\io\cucumber\cucumber-core\4.0.0\cucumber-core-4.0.0.jar;C:\Users\ferre\.m2\repository\io\cucumber\cucumber-html\0.2.7\cucumber-html-0.2.7.jar;C:\Users\ferre\.m2\repository\io\cucumber\gherkin\5.1.0\gherkin-5.1.0.jar;C:\Users\ferre\.m2\repository\io\cucumber\tag-expressions\1.1.1\tag-expressions-1.1.1.jar;C:\Users\ferre\.m2\repository\io\cucumber\cucumber-expressions\6.1.0\cucumber-expressions-6.1.0.jar;C:\Users\ferre\.m2\repository\io\cucumber\datatable\1.1.3\datatable-1.1.3.jar;C:\Users\ferre\.m2\repository\io\cucumber\datatable-dependencies\1.1.3\datatable-dependencies-1.1.3.jar;C:\Users\ferre\.m2\repository\io\cucumber\cucumber-junit\4.0.0\cucumber-junit-4.0.0.jar;C:\Users\ferre\.m2\repository\junit\junit\4.12\junit-4.12.jar;C:\Users\ferre\.m2\repository\org\hamcrest\hamcrest-core\1.3\hamcrest-core-1.3.jar;"/>
    <property name="java.vm.vendor" value="Oracle Corporation"/>
    <property name="sun.arch.data.model" value="64"/>
    <property name="user.variant" value=""/>
    <property name="java.vendor.url" value="https://java.oracle.com/"/>
    <property name="user.timezone" value="America/Sao_Paulo"/>
    <property name="os.name" value="Windows 10"/>
    <property name="java.vm.specification.version" value="21"/>
    <property name="sun.java.launcher" value="SUN_STANDARD"/>
    <property name="user.country" value="BR"/>
    <property name="sun.boot.library.path" value="C:\Program Files\Java\jdk-21\bin"/>
    <property name="sun.java.command" value="C:\Users\ferre\AppData\Local\Temp\surefire3427106238772580788\surefirebooter-20240313155054118_3.jar C:\Users\ferre\AppData\Local\Temp\surefire3427106238772580788 2024-03-13T15-50-53_740-jvmRun1 surefire-20240313155054118_1tmp surefire_0-20240313155054118_2tmp"/>
    <property name="jdk.debug" value="release"/>
    <property name="surefire.test.class.path" value="C:\Users\ferre\eclipse-workspace\bddcomcucumber\target\test-classes;C:\Users\ferre\eclipse-workspace\bddcomcucumber\target\classes;C:\Users\ferre\.m2\repository\io\cucumber\cucumber-java\4.0.0\cucumber-java-4.0.0.jar;C:\Users\ferre\.m2\repository\io\cucumber\cucumber-core\4.0.0\cucumber-core-4.0.0.jar;C:\Users\ferre\.m2\repository\io\cucumber\cucumber-html\0.2.7\cucumber-html-0.2.7.jar;C:\Users\ferre\.m2\repository\io\cucumber\gherkin\5.1.0\gherkin-5.1.0.jar;C:\Users\ferre\.m2\repository\io\cucumber\tag-expressions\1.1.1\tag-expressions-1.1.1.jar;C:\Users\ferre\.m2\repository\io\cucumber\cucumber-expressions\6.1.0\cucumber-expressions-6.1.0.jar;C:\Users\ferre\.m2\repository\io\cucumber\datatable\1.1.3\datatable-1.1.3.jar;C:\Users\ferre\.m2\repository\io\cucumber\datatable-dependencies\1.1.3\datatable-dependencies-1.1.3.jar;C:\Users\ferre\.m2\repository\io\cucumber\cucumber-junit\4.0.0\cucumber-junit-4.0.0.jar;C:\Users\ferre\.m2\repository\junit\junit\4.12\junit-4.12.jar;C:\Users\ferre\.m2\repository\org\hamcrest\hamcrest-core\1.3\hamcrest-core-1.3.jar;"/>
    <property name="sun.cpu.endian" value="little"/>
    <property name="user.home" value="C:\Users\ferre"/>
    <property name="user.language" value="pt"/>
    <property name="java.specification.vendor" value="Oracle Corporation"/>
    <property name="java.version.date" value="2024-01-16"/>
    <property name="java.home" value="C:\Program Files\Java\jdk-21"/>
    <property name="file.separator" value="\"/>
    <property name="basedir" value="C:\Users\ferre\eclipse-workspace\bddcomcucumber"/>
    <property name="java.vm.compressedOopsMode" value="32-bit"/>
    <property name="line.separator" value="&#10;"/>
    <property name="java.vm.specification.vendor" value="Oracle Corporation"/>
    <property name="java.specification.name" value="Java Platform API Specification"/>
    <property name="surefire.real.class.path" value="C:\Users\ferre\AppData\Local\Temp\surefire3427106238772580788\surefirebooter-20240313155054118_3.jar"/>
    <property name="user.script" value=""/>
    <property name="sun.management.compiler" value="HotSpot 64-Bit Tiered Compilers"/>
    <property name="java.runtime.version" value="21.0.2+13-LTS-58"/>
    <property name="user.name" value="ferre"/>
    <property name="stdout.encoding" value="Cp1252"/>
    <property name="path.separator" value=";"/>
    <property name="os.version" value="10.0"/>
    <property name="java.runtime.name" value="Java(TM) SE Runtime Environment"/>
    <property name="file.encoding" value="UTF-8"/>
    <property name="java.vm.name" value="Java HotSpot(TM) 64-Bit Server VM"/>
    <property name="localRepository" value="C:\Users\ferre\.m2\repository"/>
    <property name="java.vendor.url.bug" value="https://bugreport.java.com/bugreport/"/>
    <property name="java.io.tmpdir" value="C:\Users\ferre\AppData\Local\Temp\"/>
    <property name="java.version" value="21.0.2"/>
    <property name="user.dir" value="C:\Users\ferre\eclipse-workspace\bddcomcucumber"/>
    <property name="os.arch" value="amd64"/>
    <property name="java.vm.specification.name" value="Java Virtual Machine Specification"/>
    <property name="sun.os.patch.level" value=""/>
    <property name="native.encoding" value="Cp1252"/>
    <property name="java.library.path" value="C:\Program Files\Java\jdk-21\bin;C:\Windows\Sun\Java\bin;C:\Windows\system32;C:\Windows;C:\Program Files\Common Files\Oracle\Java\javapath;C:\Program Files\Microsoft\jdk-11.0.12.7-hotspot\bin;C:\Windows\system32;C:\Windows;C:\Windows\System32\Wbem;C:\Windows\System32\WindowsPowerShell\v1.0\;C:\Windows\System32\OpenSSH\;C:\Program Files\Git\cmd;C:\flutter\bin;C:\Users\ferre\AppData\Local\Android\Sdk\emulator;C:\apache-maven-3.9.6\bin;C:\Windows\system32;C:\Windows;C:\Windows\System32\Wbem;C:\Windows\System32\WindowsPowerShell\v1.0\;C:\Windows\System32\OpenSSH\;C:\Program Files\nodejs\;C:\Program Files\Git\cmd;C:\Users\ferre\AppData\Local\Microsoft\WindowsApps;C:\Program Files\JetBrains\IntelliJ IDEA Community Edition 2021.3.2\bin;C:\Users\ferre\AppData\Local\Programs\Microsoft VS Code\bin;C:\Program Files\nodejs;C:\apache-maven-3.8.6\bin;C:\Program Files\heroku\bin;C:\Program Files\MongoDB\Server\5.0\bin;;."/>
    <property name="java.vm.info" value="mixed mode, sharing"/>
    <property name="stderr.encoding" value="Cp1252"/>
    <property name="java.vendor" value="Oracle Corporation"/>
    <property name="java.vm.version" value="21.0.2+13-LTS-58"/>
    <property name="sun.io.unicode.encoding" value="UnicodeLittle"/>
    <property name="java.class.version" value="65.0"/>
  </properties>
  <testcase name="Login com sucesso" classname="Login" time="0.016">
    <system-out><![CDATA[Feature: Login

  Scenario: Login com sucesso # src/test/resources/features/aprender_cumcumber.feature:6
    Given que estou no site   # LoginSteps.queEstouNoSite()
    When clico                # LoginSteps.clico()
    Then logo no site         # LoginSteps.logoNoSite()
]]></system-out>
  </testcase>
  <testcase name="Incrementar valor do contador" classname="Login" time="0.005">
    <system-out><![CDATA[
  Scenario: Incrementar valor do contador # src/test/resources/features/aprender_cumcumber.feature:12
    Given que o valor do contador é 15    # LoginSteps.queOValorDoContadorÉ(Integer)
    When eu incrementar 3                 # LoginSteps.euIncrementar(Integer)
18
18
    Then o valor do contador será 18      # LoginSteps.oValorDoContadorSerá(Integer)
]]></system-out>
  </testcase>
  <testcase name="Deve calcular atraso na entrega" classname="Login" time="0.002">
    <system-out><![CDATA[
  Scenario: Deve calcular atraso na entrega    # src/test/resources/features/aprender_cumcumber.feature:19
    Given que a entrega é dia 06/03/2024       # LoginSteps.queAEntregaÉDia(Integer,Integer,Integer)
    When a entrega atrasar 2 dias              # LoginSteps.aEntregaAtrasarDias(Integer)
    Then a entrega sera efetuada em 08/03/2024 # LoginSteps.aEntregaSeraEfetuadaEm(String)
]]></system-out>
  </testcase>
</testsuite>